# JRE version: OpenJDK Runtime Environment (8.0_242-b01) (build 1.8.0_242-release-1644-b01)
# Java VM: OpenJDK 64-Bit Server VM (25.242-b01 mixed mode windows-amd64 compressed oops)
Heap:
 PSYoungGen      total 129024K, used 82691K [0x00000000d5580000, 0x00000000de680000, 0x0000000100000000)
  eden space 118784K, 69% used [0x00000000d5580000,0x00000000da640ca0,0x00000000dc980000)
  from space 10240K, 0% used [0x00000000dd380000,0x00000000dd380000,0x00000000ddd80000)
  to   space 10240K, 0% used [0x00000000dc980000,0x00000000dc980000,0x00000000dd380000)
 ParOldGen       total 45056K, used 14568K [0x0000000080000000, 0x0000000082c00000, 0x00000000d5580000)
  object space 45056K, 32% used [0x0000000080000000,0x0000000080e3a228,0x0000000082c00000)
 Metaspace       used 37724K, capacity 39372K, committed 39680K, reserved 1083392K
  class space    used 5198K, capacity 5555K, committed 5632K, reserved 1048576K
GC Heap History (10 events):
Event: 18.476 GC heap before
{Heap before GC invocations=10 (full 1):
 PSYoungGen      total 65024K, used 2849K [0x00000000d5580000, 0x00000000dbe80000, 0x0000000100000000)
  eden space 57344K, 0% used [0x00000000d5580000,0x00000000d5580000,0x00000000d8d80000)
  from space 7680K, 37% used [0x00000000d8d80000,0x00000000d9048648,0x00000000d9500000)
  to   space 7680K, 0% used [0x00000000db700000,0x00000000db700000,0x00000000dbe80000)
 ParOldGen       total 40960K, used 10507K [0x0000000080000000, 0x0000000082800000, 0x00000000d5580000)
  object space 40960K, 25% used [0x0000000080000000,0x0000000080a42fb0,0x0000000082800000)
 Metaspace       used 20520K, capacity 21218K, committed 21296K, reserved 1067008K
  class space    used 2856K, capacity 3035K, committed 3072K, reserved 1048576K
Event: 18.638 GC heap after
Heap after GC invocations=10 (full 1):
 PSYoungGen      total 65024K, used 0K [0x00000000d5580000, 0x00000000dbe80000, 0x0000000100000000)
  eden space 57344K, 0% used [0x00000000d5580000,0x00000000d5580000,0x00000000d8d80000)
  from space 7680K, 0% used [0x00000000d8d80000,0x00000000d8d80000,0x00000000d9500000)
  to   space 7680K, 0% used [0x00000000db700000,0x00000000db700000,0x00000000dbe80000)
 ParOldGen       total 30208K, used 7616K [0x0000000080000000, 0x0000000081d80000, 0x00000000d5580000)
  object space 30208K, 25% used [0x0000000080000000,0x0000000080770280,0x0000000081d80000)
 Metaspace       used 20520K, capacity 21218K, committed 21296K, reserved 1067008K
  class space    used 2856K, capacity 3035K, committed 3072K, reserved 1048576K
}
Event: 24.017 GC heap before
{Heap before GC invocations=11 (full 1):
 PSYoungGen      total 65024K, used 57344K [0x00000000d5580000, 0x00000000dbe80000, 0x0000000100000000)
  eden space 57344K, 100% used [0x00000000d5580000,0x00000000d8d80000,0x00000000d8d80000)
  from space 7680K, 0% used [0x00000000d8d80000,0x00000000d8d80000,0x00000000d9500000)
  to   space 7680K, 0% used [0x00000000db700000,0x00000000db700000,0x00000000dbe80000)
 ParOldGen       total 30208K, used 7616K [0x0000000080000000, 0x0000000081d80000, 0x00000000d5580000)
  object space 30208K, 25% used [0x0000000080000000,0x0000000080770280,0x0000000081d80000)
 Metaspace       used 24241K, capacity 25212K, committed 25600K, reserved 1071104K
  class space    used 3452K, capacity 3730K, committed 3840K, reserved 1048576K
Event: 24.037 GC heap after
Heap after GC invocations=11 (full 1):
 PSYoungGen      total 89088K, used 5316K [0x00000000d5580000, 0x00000000dbc80000, 0x0000000100000000)
  eden space 83456K, 0% used [0x00000000d5580000,0x00000000d5580000,0x00000000da700000)
  from space 5632K, 94% used [0x00000000db700000,0x00000000dbc31180,0x00000000dbc80000)
  to   space 7680K, 0% used [0x00000000dad80000,0x00000000dad80000,0x00000000db500000)
 ParOldGen       total 30208K, used 7616K [0x0000000080000000, 0x0000000081d80000, 0x00000000d5580000)
  object space 30208K, 25% used [0x0000000080000000,0x0000000080770280,0x0000000081d80000)
 Metaspace       used 24241K, capacity 25212K, committed 25600K, reserved 1071104K
  class space    used 3452K, capacity 3730K, committed 3840K, reserved 1048576K
}
Event: 28.266 GC heap before
{Heap before GC invocations=12 (full 1):
 PSYoungGen      total 89088K, used 88772K [0x00000000d5580000, 0x00000000dbc80000, 0x0000000100000000)
  eden space 83456K, 100% used [0x00000000d5580000,0x00000000da700000,0x00000000da700000)
  from space 5632K, 94% used [0x00000000db700000,0x00000000dbc31180,0x00000000dbc80000)
  to   space 7680K, 0% used [0x00000000dad80000,0x00000000dad80000,0x00000000db500000)
 ParOldGen       total 30208K, used 7616K [0x0000000080000000, 0x0000000081d80000, 0x00000000d5580000)
  object space 30208K, 25% used [0x0000000080000000,0x0000000080770280,0x0000000081d80000)
 Metaspace       used 33435K, capacity 34638K, committed 34816K, reserved 1079296K
  class space    used 4519K, capacity 4829K, committed 4864K, reserved 1048576K
Event: 28.293 GC heap after
Heap after GC invocations=12 (full 1):
 PSYoungGen      total 97792K, used 7678K [0x00000000d5580000, 0x00000000ddd80000, 0x0000000100000000)
  eden space 90112K, 0% used [0x00000000d5580000,0x00000000d5580000,0x00000000dad80000)
  from space 7680K, 99% used [0x00000000dad80000,0x00000000db4ff840,0x00000000db500000)
  to   space 10240K, 0% used [0x00000000dd380000,0x00000000dd380000,0x00000000ddd80000)
 ParOldGen       total 30208K, used 11800K [0x0000000080000000, 0x0000000081d80000, 0x00000000d5580000)
  object space 30208K, 39% used [0x0000000080000000,0x0000000080b86008,0x0000000081d80000)
 Metaspace       used 33435K, capacity 34638K, committed 34816K, reserved 1079296K
  class space    used 4519K, capacity 4829K, committed 4864K, reserved 1048576K
}
Event: 29.141 GC heap before
{Heap before GC invocations=13 (full 1):
 PSYoungGen      total 97792K, used 21471K [0x00000000d5580000, 0x00000000ddd80000, 0x0000000100000000)
  eden space 90112K, 15% used [0x00000000d5580000,0x00000000d62f85b8,0x00000000dad80000)
  from space 7680K, 99% used [0x00000000dad80000,0x00000000db4ff840,0x00000000db500000)
  to   space 10240K, 0% used [0x00000000dd380000,0x00000000dd380000,0x00000000ddd80000)
 ParOldGen       total 30208K, used 11800K [0x0000000080000000, 0x0000000081d80000, 0x00000000d5580000)
  object space 30208K, 39% used [0x0000000080000000,0x0000000080b86008,0x0000000081d80000)
 Metaspace       used 34025K, capacity 35346K, committed 35456K, reserved 1079296K
  class space    used 4594K, capacity 4912K, committed 4992K, reserved 1048576K
Event: 29.158 GC heap after
Heap after GC invocations=13 (full 1):
 PSYoungGen      total 129024K, used 1539K [0x00000000d5580000, 0x00000000de680000, 0x0000000100000000)
  eden space 118784K, 0% used [0x00000000d5580000,0x00000000d5580000,0x00000000dc980000)
  from space 10240K, 15% used [0x00000000dd380000,0x00000000dd500c00,0x00000000ddd80000)
  to   space 10240K, 0% used [0x00000000dc980000,0x00000000dc980000,0x00000000dd380000)
 ParOldGen       total 30208K, used 16975K [0x0000000080000000, 0x0000000081d80000, 0x00000000d5580000)
  object space 30208K, 56% used [0x0000000080000000,0x0000000081093c40,0x0000000081d80000)
 Metaspace       used 34025K, capacity 35346K, committed 35456K, reserved 1079296K
  class space    used 4594K, capacity 4912K, committed 4992K, reserved 1048576K
}
Event: 29.158 GC heap before
{Heap before GC invocations=14 (full 2):
 PSYoungGen      total 129024K, used 1539K [0x00000000d5580000, 0x00000000de680000, 0x0000000100000000)
  eden space 118784K, 0% used [0x00000000d5580000,0x00000000d5580000,0x00000000dc980000)
  from space 10240K, 15% used [0x00000000dd380000,0x00000000dd500c00,0x00000000ddd80000)
  to   space 10240K, 0% used [0x00000000dc980000,0x00000000dc980000,0x00000000dd380000)
 ParOldGen       total 30208K, used 16975K [0x0000000080000000, 0x0000000081d80000, 0x00000000d5580000)
  object space 30208K, 56% used [0x0000000080000000,0x0000000081093c40,0x0000000081d80000)
 Metaspace       used 34025K, capacity 35346K, committed 35456K, reserved 1079296K
  class space    used 4594K, capacity 4912K, committed 4992K, reserved 1048576K
Event: 29.268 GC heap after
Heap after GC invocations=14 (full 2):
 PSYoungGen      total 129024K, used 0K [0x00000000d5580000, 0x00000000de680000, 0x0000000100000000)
  eden space 118784K, 0% used [0x00000000d5580000,0x00000000d5580000,0x00000000dc980000)
  from space 10240K, 0% used [0x00000000dd380000,0x00000000dd380000,0x00000000ddd80000)
  to   space 10240K, 0% used [0x00000000dc980000,0x00000000dc980000,0x00000000dd380000)
 ParOldGen       total 45056K, used 14568K [0x0000000080000000, 0x0000000082c00000, 0x00000000d5580000)
  object space 45056K, 32% used [0x0000000080000000,0x0000000080e3a228,0x0000000082c00000)
 Metaspace       used 34025K, capacity 35346K, committed 35456K, reserved 1079296K
  class space    used 4594K, capacity 4912K, committed 4992K, reserved 1048576K
}

