# JRE version: OpenJDK Runtime Environment (8.0_242-b01) (build 1.8.0_242-release-1644-b01)
# Java VM: OpenJDK 64-Bit Server VM (25.242-b01 mixed mode windows-amd64 compressed oops)
Heap:
 PSYoungGen      total 627200K, used 15679K [0x00000000d5580000, 0x00000000ffa00000, 0x0000000100000000)
  eden space 569856K, 0% used [0x00000000d5580000,0x00000000d5580000,0x00000000f8200000)
  from space 57344K, 27% used [0x00000000fc200000,0x00000000fd14fd98,0x00000000ffa00000)
  to   space 61440K, 0% used [0x00000000f8200000,0x00000000f8200000,0x00000000fbe00000)
 ParOldGen       total 197632K, used 173537K [0x0000000080000000, 0x000000008c100000, 0x00000000d5580000)
  object space 197632K, 87% used [0x0000000080000000,0x000000008a978718,0x000000008c100000)
 Metaspace       used 129122K, capacity 135608K, committed 135768K, reserved 1167360K
  class space    used 16458K, capacity 17755K, committed 17792K, reserved 1048576K
GC Heap History (10 events):
Event: 4517.631 GC heap after
Heap after GC invocations=33 (full 5):
 PSYoungGen      total 625664K, used 43582K [0x00000000d5580000, 0x0000000100000000, 0x0000000100000000)
  eden space 557568K, 0% used [0x00000000d5580000,0x00000000d5580000,0x00000000f7600000)
  from space 68096K, 64% used [0x00000000fbd80000,0x00000000fe80fa40,0x0000000100000000)
  to   space 70656K, 0% used [0x00000000f7600000,0x00000000f7600000,0x00000000fbb00000)
 ParOldGen       total 197632K, used 142404K [0x0000000080000000, 0x000000008c100000, 0x00000000d5580000)
  object space 197632K, 72% used [0x0000000080000000,0x0000000088b112c8,0x000000008c100000)
 Metaspace       used 120343K, capacity 125670K, committed 125912K, reserved 1159168K
  class space    used 15343K, capacity 16330K, committed 16384K, reserved 1048576K
}
Event: 4522.060 GC heap before
{Heap before GC invocations=34 (full 5):
 PSYoungGen      total 625664K, used 601150K [0x00000000d5580000, 0x0000000100000000, 0x0000000100000000)
  eden space 557568K, 100% used [0x00000000d5580000,0x00000000f7600000,0x00000000f7600000)
  from space 68096K, 64% used [0x00000000fbd80000,0x00000000fe80fa40,0x0000000100000000)
  to   space 70656K, 0% used [0x00000000f7600000,0x00000000f7600000,0x00000000fbb00000)
 ParOldGen       total 197632K, used 142404K [0x0000000080000000, 0x000000008c100000, 0x00000000d5580000)
  object space 197632K, 72% used [0x0000000080000000,0x0000000088b112c8,0x000000008c100000)
 Metaspace       used 120368K, capacity 125684K, committed 125912K, reserved 1159168K
  class space    used 15343K, capacity 16331K, committed 16384K, reserved 1048576K
Event: 4522.393 GC heap after
Heap after GC invocations=34 (full 5):
 PSYoungGen      total 628224K, used 10234K [0x00000000d5580000, 0x00000000fff80000, 0x0000000100000000)
  eden space 557568K, 0% used [0x00000000d5580000,0x00000000d5580000,0x00000000f7600000)
  from space 70656K, 14% used [0x00000000f7600000,0x00000000f7ffe848,0x00000000fbb00000)
  to   space 69120K, 0% used [0x00000000fbc00000,0x00000000fbc00000,0x00000000fff80000)
 ParOldGen       total 197632K, used 157887K [0x0000000080000000, 0x000000008c100000, 0x00000000d5580000)
  object space 197632K, 79% used [0x0000000080000000,0x0000000089a2fec0,0x000000008c100000)
 Metaspace       used 120368K, capacity 125684K, committed 125912K, reserved 1159168K
  class space    used 15343K, capacity 16331K, committed 16384K, reserved 1048576K
}
Event: 4526.728 GC heap before
{Heap before GC invocations=35 (full 5):
 PSYoungGen      total 628224K, used 567602K [0x00000000d5580000, 0x00000000fff80000, 0x0000000100000000)
  eden space 557568K, 99% used [0x00000000d5580000,0x00000000f75ce130,0x00000000f7600000)
  from space 70656K, 14% used [0x00000000f7600000,0x00000000f7ffe848,0x00000000fbb00000)
  to   space 69120K, 0% used [0x00000000fbc00000,0x00000000fbc00000,0x00000000fff80000)
 ParOldGen       total 197632K, used 157887K [0x0000000080000000, 0x000000008c100000, 0x00000000d5580000)
  object space 197632K, 79% used [0x0000000080000000,0x0000000089a2fec0,0x000000008c100000)
 Metaspace       used 120815K, capacity 126140K, committed 126296K, reserved 1159168K
  class space    used 15389K, capacity 16371K, committed 16512K, reserved 1048576K
Event: 4526.763 GC heap after
Heap after GC invocations=35 (full 5):
 PSYoungGen      total 620032K, used 23040K [0x00000000d5580000, 0x00000000ff780000, 0x0000000100000000)
  eden space 559104K, 0% used [0x00000000d5580000,0x00000000d5580000,0x00000000f7780000)
  from space 60928K, 37% used [0x00000000fbc00000,0x00000000fd280378,0x00000000ff780000)
  to   space 65536K, 0% used [0x00000000f7780000,0x00000000f7780000,0x00000000fb780000)
 ParOldGen       total 197632K, used 163334K [0x0000000080000000, 0x000000008c100000, 0x00000000d5580000)
  object space 197632K, 82% used [0x0000000080000000,0x0000000089f81b00,0x000000008c100000)
 Metaspace       used 120815K, capacity 126140K, committed 126296K, reserved 1159168K
  class space    used 15389K, capacity 16371K, committed 16512K, reserved 1048576K
}
Event: 4638.228 GC heap before
{Heap before GC invocations=36 (full 5):
 PSYoungGen      total 620032K, used 582144K [0x00000000d5580000, 0x00000000ff780000, 0x0000000100000000)
  eden space 559104K, 100% used [0x00000000d5580000,0x00000000f7780000,0x00000000f7780000)
  from space 60928K, 37% used [0x00000000fbc00000,0x00000000fd280378,0x00000000ff780000)
  to   space 65536K, 0% used [0x00000000f7780000,0x00000000f7780000,0x00000000fb780000)
 ParOldGen       total 197632K, used 163334K [0x0000000080000000, 0x000000008c100000, 0x00000000d5580000)
  object space 197632K, 82% used [0x0000000080000000,0x0000000089f81b00,0x000000008c100000)
 Metaspace       used 124108K, capacity 130252K, committed 130392K, reserved 1163264K
  class space    used 15832K, capacity 17008K, committed 17024K, reserved 1048576K
Event: 4638.895 GC heap after
Heap after GC invocations=36 (full 5):
 PSYoungGen      total 624640K, used 15950K [0x00000000d5580000, 0x0000000100000000, 0x0000000100000000)
  eden space 559104K, 0% used [0x00000000d5580000,0x00000000d5580000,0x00000000f7780000)
  from space 65536K, 24% used [0x00000000f7780000,0x00000000f8713a40,0x00000000fb780000)
  to   space 63488K, 0% used [0x00000000fc200000,0x00000000fc200000,0x0000000100000000)
 ParOldGen       total 197632K, used 168990K [0x0000000080000000, 0x000000008c100000, 0x00000000d5580000)
  object space 197632K, 85% used [0x0000000080000000,0x000000008a507970,0x000000008c100000)
 Metaspace       used 124108K, capacity 130252K, committed 130392K, reserved 1163264K
  class space    used 15832K, capacity 17008K, committed 17024K, reserved 1048576K
}
Event: 5559.008 GC heap before
{Heap before GC invocations=37 (full 5):
 PSYoungGen      total 624640K, used 575054K [0x00000000d5580000, 0x0000000100000000, 0x0000000100000000)
  eden space 559104K, 100% used [0x00000000d5580000,0x00000000f7780000,0x00000000f7780000)
  from space 65536K, 24% used [0x00000000f7780000,0x00000000f8713a40,0x00000000fb780000)
  to   space 63488K, 0% used [0x00000000fc200000,0x00000000fc200000,0x0000000100000000)
 ParOldGen       total 197632K, used 168990K [0x0000000080000000, 0x000000008c100000, 0x00000000d5580000)
  object space 197632K, 85% used [0x0000000080000000,0x000000008a507970,0x000000008c100000)
 Metaspace       used 129122K, capacity 135608K, committed 135768K, reserved 1167360K
  class space    used 16458K, capacity 17755K, committed 17792K, reserved 1048576K
Event: 5560.139 GC heap after
Heap after GC invocations=37 (full 5):
 PSYoungGen      total 627200K, used 15679K [0x00000000d5580000, 0x00000000ffa00000, 0x0000000100000000)
  eden space 569856K, 0% used [0x00000000d5580000,0x00000000d5580000,0x00000000f8200000)
  from space 57344K, 27% used [0x00000000fc200000,0x00000000fd14fd98,0x00000000ffa00000)
  to   space 61440K, 0% used [0x00000000f8200000,0x00000000f8200000,0x00000000fbe00000)
 ParOldGen       total 197632K, used 173537K [0x0000000080000000, 0x000000008c100000, 0x00000000d5580000)
  object space 197632K, 87% used [0x0000000080000000,0x000000008a978718,0x000000008c100000)
 Metaspace       used 129122K, capacity 135608K, committed 135768K, reserved 1167360K
  class space    used 16458K, capacity 17755K, committed 17792K, reserved 1048576K
}
Event: 5560.140 GC heap before
{Heap before GC invocations=38 (full 6):
 PSYoungGen      total 627200K, used 15679K [0x00000000d5580000, 0x00000000ffa00000, 0x0000000100000000)
  eden space 569856K, 0% used [0x00000000d5580000,0x00000000d5580000,0x00000000f8200000)
  from space 57344K, 27% used [0x00000000fc200000,0x00000000fd14fd98,0x00000000ffa00000)
  to   space 61440K, 0% used [0x00000000f8200000,0x00000000f8200000,0x00000000fbe00000)
 ParOldGen       total 197632K, used 173537K [0x0000000080000000, 0x000000008c100000, 0x00000000d5580000)
  object space 197632K, 87% used [0x0000000080000000,0x000000008a978718,0x000000008c100000)
 Metaspace       used 129122K, capacity 135608K, committed 135768K, reserved 1167360K
  class space    used 16458K, capacity 17755K, committed 17792K, reserved 1048576K

