# JRE version: OpenJDK Runtime Environment (8.0_242-b01) (build 1.8.0_242-release-1644-b01)
# Java VM: OpenJDK 64-Bit Server VM (25.242-b01 mixed mode windows-amd64 compressed oops)
Heap:
 PSYoungGen      total 584704K, used 533440K [0x00000000d5580000, 0x00000000fef00000, 0x0000000100000000)
  eden space 505344K, 100% used [0x00000000d5580000,0x00000000f4300000,0x00000000f4300000)
  from space 79360K, 35% used [0x00000000fa180000,0x00000000fbcf0060,0x00000000fef00000)
  to   space 88064K, 43% used [0x00000000f4300000,0x00000000f6856150,0x00000000f9900000)
 ParOldGen       total 976896K, used 901674K [0x0000000080000000, 0x00000000bba00000, 0x00000000d5580000)
  object space 976896K, 92% used [0x0000000080000000,0x00000000b708ab90,0x00000000bba00000)
 Metaspace       used 127212K, capacity 133962K, committed 133976K, reserved 1165312K
  class space    used 16203K, capacity 17525K, committed 17536K, reserved 1048576K
GC Heap History (10 events):
Event: 815.118 GC heap after
Heap after GC invocations=25 (full 5):
 PSYoungGen      total 469504K, used 29249K [0x00000000d5580000, 0x00000000f6a00000, 0x0000000100000000)
  eden space 402944K, 0% used [0x00000000d5580000,0x00000000d5580000,0x00000000edf00000)
  from space 66560K, 43% used [0x00000000f2900000,0x00000000f45904e0,0x00000000f6a00000)
  to   space 71168K, 0% used [0x00000000edf00000,0x00000000edf00000,0x00000000f2480000)
 ParOldGen       total 218112K, used 89819K [0x0000000080000000, 0x000000008d500000, 0x00000000d5580000)
  object space 218112K, 41% used [0x0000000080000000,0x00000000857b6f08,0x000000008d500000)
 Metaspace       used 117267K, capacity 123432K, committed 123736K, reserved 1157120K
  class space    used 15203K, capacity 16434K, committed 16512K, reserved 1048576K
}
Event: 1140.993 GC heap before
{Heap before GC invocations=26 (full 5):
 PSYoungGen      total 469504K, used 432193K [0x00000000d5580000, 0x00000000f6a00000, 0x0000000100000000)
  eden space 402944K, 100% used [0x00000000d5580000,0x00000000edf00000,0x00000000edf00000)
  from space 66560K, 43% used [0x00000000f2900000,0x00000000f45904e0,0x00000000f6a00000)
  to   space 71168K, 0% used [0x00000000edf00000,0x00000000edf00000,0x00000000f2480000)
 ParOldGen       total 218112K, used 89819K [0x0000000080000000, 0x000000008d500000, 0x00000000d5580000)
  object space 218112K, 41% used [0x0000000080000000,0x00000000857b6f08,0x000000008d500000)
 Metaspace       used 117602K, capacity 123840K, committed 123992K, reserved 1157120K
  class space    used 15211K, capacity 16448K, committed 16512K, reserved 1048576K
Event: 1141.293 GC heap after
Heap after GC invocations=26 (full 5):
 PSYoungGen      total 474112K, used 31567K [0x00000000d5580000, 0x00000000f9c00000, 0x0000000100000000)
  eden space 402944K, 0% used [0x00000000d5580000,0x00000000d5580000,0x00000000edf00000)
  from space 71168K, 44% used [0x00000000edf00000,0x00000000efdd3c88,0x00000000f2480000)
  to   space 68096K, 0% used [0x00000000f5980000,0x00000000f5980000,0x00000000f9c00000)
 ParOldGen       total 218112K, used 89835K [0x0000000080000000, 0x000000008d500000, 0x00000000d5580000)
  object space 218112K, 41% used [0x0000000080000000,0x00000000857baf08,0x000000008d500000)
 Metaspace       used 117602K, capacity 123840K, committed 123992K, reserved 1157120K
  class space    used 15211K, capacity 16448K, committed 16512K, reserved 1048576K
}
Event: 1161.451 GC heap before
{Heap before GC invocations=27 (full 5):
 PSYoungGen      total 474112K, used 434511K [0x00000000d5580000, 0x00000000f9c00000, 0x0000000100000000)
  eden space 402944K, 100% used [0x00000000d5580000,0x00000000edf00000,0x00000000edf00000)
  from space 71168K, 44% used [0x00000000edf00000,0x00000000efdd3c88,0x00000000f2480000)
  to   space 68096K, 0% used [0x00000000f5980000,0x00000000f5980000,0x00000000f9c00000)
 ParOldGen       total 218112K, used 89835K [0x0000000080000000, 0x000000008d500000, 0x00000000d5580000)
  object space 218112K, 41% used [0x0000000080000000,0x00000000857baf08,0x000000008d500000)
 Metaspace       used 125288K, capacity 131766K, committed 132056K, reserved 1163264K
  class space    used 16075K, capacity 17359K, committed 17408K, reserved 1048576K
Event: 1161.852 GC heap after
Heap after GC invocations=27 (full 5):
 PSYoungGen      total 500224K, used 68085K [0x00000000d5580000, 0x00000000fdb80000, 0x0000000100000000)
  eden space 432128K, 0% used [0x00000000d5580000,0x00000000d5580000,0x00000000efb80000)
  from space 68096K, 99% used [0x00000000f5980000,0x00000000f9bfd578,0x00000000f9c00000)
  to   space 96256K, 0% used [0x00000000efb80000,0x00000000efb80000,0x00000000f5980000)
 ParOldGen       total 218112K, used 135956K [0x0000000080000000, 0x000000008d500000, 0x00000000d5580000)
  object space 218112K, 62% used [0x0000000080000000,0x00000000884c5198,0x000000008d500000)
 Metaspace       used 125288K, capacity 131766K, committed 132056K, reserved 1163264K
  class space    used 16075K, capacity 17359K, committed 17408K, reserved 1048576K
}
Event: 1169.775 GC heap before
{Heap before GC invocations=28 (full 5):
 PSYoungGen      total 500224K, used 500213K [0x00000000d5580000, 0x00000000fdb80000, 0x0000000100000000)
  eden space 432128K, 100% used [0x00000000d5580000,0x00000000efb80000,0x00000000efb80000)
  from space 68096K, 99% used [0x00000000f5980000,0x00000000f9bfd578,0x00000000f9c00000)
  to   space 96256K, 0% used [0x00000000efb80000,0x00000000efb80000,0x00000000f5980000)
 ParOldGen       total 218112K, used 135956K [0x0000000080000000, 0x000000008d500000, 0x00000000d5580000)
  object space 218112K, 62% used [0x0000000080000000,0x00000000884c5198,0x000000008d500000)
 Metaspace       used 125570K, capacity 132040K, committed 132312K, reserved 1165312K
  class space    used 16078K, capacity 17362K, committed 17408K, reserved 1048576K
Event: 1169.951 GC heap after
Heap after GC invocations=28 (full 5):
 PSYoungGen      total 528384K, used 40537K [0x00000000d5580000, 0x00000000ffb00000, 0x0000000100000000)
  eden space 432128K, 0% used [0x00000000d5580000,0x00000000d5580000,0x00000000efb80000)
  from space 96256K, 42% used [0x00000000efb80000,0x00000000f2316660,0x00000000f5980000)
  to   space 91648K, 0% used [0x00000000fa180000,0x00000000fa180000,0x00000000ffb00000)
 ParOldGen       total 218112K, used 142982K [0x0000000080000000, 0x000000008d500000, 0x00000000d5580000)
  object space 218112K, 65% used [0x0000000080000000,0x0000000088ba1878,0x000000008d500000)
 Metaspace       used 125570K, capacity 132040K, committed 132312K, reserved 1165312K
  class space    used 16078K, capacity 17362K, committed 17408K, reserved 1048576K
}
Event: 2315.200 GC heap before
{Heap before GC invocations=29 (full 5):
 PSYoungGen      total 528384K, used 472665K [0x00000000d5580000, 0x00000000ffb00000, 0x0000000100000000)
  eden space 432128K, 100% used [0x00000000d5580000,0x00000000efb80000,0x00000000efb80000)
  from space 96256K, 42% used [0x00000000efb80000,0x00000000f2316660,0x00000000f5980000)
  to   space 91648K, 0% used [0x00000000fa180000,0x00000000fa180000,0x00000000ffb00000)
 ParOldGen       total 218112K, used 142982K [0x0000000080000000, 0x000000008d500000, 0x00000000d5580000)
  object space 218112K, 65% used [0x0000000080000000,0x0000000088ba1878,0x000000008d500000)
 Metaspace       used 126162K, capacity 132660K, committed 132952K, reserved 1165312K
  class space    used 16112K, capacity 17426K, committed 17536K, reserved 1048576K
Event: 2324.254 GC heap after
Heap after GC invocations=29 (full 5):
 PSYoungGen      total 584704K, used 28096K [0x00000000d5580000, 0x00000000fef00000, 0x0000000100000000)
  eden space 505344K, 0% used [0x00000000d5580000,0x00000000d5580000,0x00000000f4300000)
  from space 79360K, 35% used [0x00000000fa180000,0x00000000fbcf0060,0x00000000fef00000)
  to   space 88064K, 0% used [0x00000000f4300000,0x00000000f4300000,0x00000000f9900000)
 ParOldGen       total 218112K, used 142990K [0x0000000080000000, 0x000000008d500000, 0x00000000d5580000)
  object space 218112K, 65% used [0x0000000080000000,0x0000000088ba3878,0x000000008d500000)
 Metaspace       used 126162K, capacity 132660K, committed 132952K, reserved 1165312K
  class space    used 16112K, capacity 17426K, committed 17536K, reserved 1048576K
}
Event: 2392.499 GC heap before
{Heap before GC invocations=30 (full 5):
 PSYoungGen      total 584704K, used 533440K [0x00000000d5580000, 0x00000000fef00000, 0x0000000100000000)
  eden space 505344K, 100% used [0x00000000d5580000,0x00000000f4300000,0x00000000f4300000)
  from space 79360K, 35% used [0x00000000fa180000,0x00000000fbcf0060,0x00000000fef00000)
  to   space 88064K, 0% used [0x00000000f4300000,0x00000000f4300000,0x00000000f9900000)
 ParOldGen       total 218112K, used 142990K [0x0000000080000000, 0x000000008d500000, 0x00000000d5580000)
  object space 218112K, 65% used [0x0000000080000000,0x0000000088ba3878,0x000000008d500000)
 Metaspace       used 127212K, capacity 133962K, committed 133976K, reserved 1165312K
  class space    used 16203K, capacity 17525K, committed 17536K, reserved 1048576K

