# JRE version: OpenJDK Runtime Environment (8.0_242-b01) (build 1.8.0_242-release-1644-b01)
# Java VM: OpenJDK 64-Bit Server VM (25.242-b01 mixed mode windows-amd64 compressed oops)
Heap:
 PSYoungGen      total 557056K, used 556623K [0x00000000d5580000, 0x0000000100000000, 0x0000000100000000)
  eden space 481792K, 100% used [0x00000000d5580000,0x00000000f2c00000,0x00000000f2c00000)
  from space 75264K, 99% used [0x00000000f2c00000,0x00000000f7513f60,0x00000000f7580000)
  to   space 113152K, 52% used [0x00000000f9180000,0x00000000fcb5d550,0x0000000100000000)
 ParOldGen       total 211968K, used 112908K [0x0000000080000000, 0x000000008cf00000, 0x00000000d5580000)
  object space 211968K, 53% used [0x0000000080000000,0x0000000086e430f0,0x000000008cf00000)
 Metaspace       used 146974K, capacity 154380K, committed 154520K, reserved 1183744K
  class space    used 18337K, capacity 19597K, committed 19632K, reserved 1048576K
GC Heap History (10 events):
Event: 2748.686 GC heap after
Heap after GC invocations=33 (full 6):
 PSYoungGen      total 598528K, used 20192K [0x00000000d5580000, 0x00000000fff80000, 0x0000000100000000)
  eden space 498176K, 0% used [0x00000000d5580000,0x00000000d5580000,0x00000000f3c00000)
  from space 100352K, 20% used [0x00000000f3c00000,0x00000000f4fb8040,0x00000000f9e00000)
  to   space 98304K, 0% used [0x00000000f9f80000,0x00000000f9f80000,0x00000000fff80000)
 ParOldGen       total 211968K, used 95843K [0x0000000080000000, 0x000000008cf00000, 0x00000000d5580000)
  object space 211968K, 45% used [0x0000000080000000,0x0000000085d98ee0,0x000000008cf00000)
 Metaspace       used 127409K, capacity 133640K, committed 133912K, reserved 1165312K
  class space    used 16080K, capacity 17141K, committed 17200K, reserved 1048576K
}
Event: 2752.844 GC heap before
{Heap before GC invocations=34 (full 6):
 PSYoungGen      total 598528K, used 518368K [0x00000000d5580000, 0x00000000fff80000, 0x0000000100000000)
  eden space 498176K, 100% used [0x00000000d5580000,0x00000000f3c00000,0x00000000f3c00000)
  from space 100352K, 20% used [0x00000000f3c00000,0x00000000f4fb8040,0x00000000f9e00000)
  to   space 98304K, 0% used [0x00000000f9f80000,0x00000000f9f80000,0x00000000fff80000)
 ParOldGen       total 211968K, used 95843K [0x0000000080000000, 0x000000008cf00000, 0x00000000d5580000)
  object space 211968K, 45% used [0x0000000080000000,0x0000000085d98ee0,0x000000008cf00000)
 Metaspace       used 135030K, capacity 141354K, committed 141720K, reserved 1173504K
  class space    used 16942K, capacity 18022K, committed 18096K, reserved 1048576K
Event: 2752.920 GC heap after
Heap after GC invocations=34 (full 6):
 PSYoungGen      total 585728K, used 36290K [0x00000000d5580000, 0x00000000ff300000, 0x0000000100000000)
  eden space 500224K, 0% used [0x00000000d5580000,0x00000000d5580000,0x00000000f3e00000)
  from space 85504K, 42% used [0x00000000f9f80000,0x00000000fc2f09e8,0x00000000ff300000)
  to   space 92672K, 0% used [0x00000000f3e00000,0x00000000f3e00000,0x00000000f9880000)
 ParOldGen       total 211968K, used 95851K [0x0000000080000000, 0x000000008cf00000, 0x00000000d5580000)
  object space 211968K, 45% used [0x0000000080000000,0x0000000085d9aee0,0x000000008cf00000)
 Metaspace       used 135030K, capacity 141354K, committed 141720K, reserved 1173504K
  class space    used 16942K, capacity 18022K, committed 18096K, reserved 1048576K
}
Event: 2808.544 GC heap before
{Heap before GC invocations=35 (full 6):
 PSYoungGen      total 585728K, used 536514K [0x00000000d5580000, 0x00000000ff300000, 0x0000000100000000)
  eden space 500224K, 100% used [0x00000000d5580000,0x00000000f3e00000,0x00000000f3e00000)
  from space 85504K, 42% used [0x00000000f9f80000,0x00000000fc2f09e8,0x00000000ff300000)
  to   space 92672K, 0% used [0x00000000f3e00000,0x00000000f3e00000,0x00000000f9880000)
 ParOldGen       total 211968K, used 95851K [0x0000000080000000, 0x000000008cf00000, 0x00000000d5580000)
  object space 211968K, 45% used [0x0000000080000000,0x0000000085d9aee0,0x000000008cf00000)
 Metaspace       used 135535K, capacity 142406K, committed 142616K, reserved 1173504K
  class space    used 17019K, capacity 18164K, committed 18224K, reserved 1048576K
Event: 2808.601 GC heap after
Heap after GC invocations=35 (full 6):
 PSYoungGen      total 592896K, used 31817K [0x00000000d5580000, 0x00000000fff00000, 0x0000000100000000)
  eden space 500224K, 0% used [0x00000000d5580000,0x00000000d5580000,0x00000000f3e00000)
  from space 92672K, 34% used [0x00000000f3e00000,0x00000000f5d12708,0x00000000f9880000)
  to   space 88576K, 0% used [0x00000000fa880000,0x00000000fa880000,0x00000000fff00000)
 ParOldGen       total 211968K, used 95859K [0x0000000080000000, 0x000000008cf00000, 0x00000000d5580000)
  object space 211968K, 45% used [0x0000000080000000,0x0000000085d9cee0,0x000000008cf00000)
 Metaspace       used 135535K, capacity 142406K, committed 142616K, reserved 1173504K
  class space    used 17019K, capacity 18164K, committed 18224K, reserved 1048576K
}
Event: 3722.196 GC heap before
{Heap before GC invocations=36 (full 6):
 PSYoungGen      total 592896K, used 532041K [0x00000000d5580000, 0x00000000fff00000, 0x0000000100000000)
  eden space 500224K, 100% used [0x00000000d5580000,0x00000000f3e00000,0x00000000f3e00000)
  from space 92672K, 34% used [0x00000000f3e00000,0x00000000f5d12708,0x00000000f9880000)
  to   space 88576K, 0% used [0x00000000fa880000,0x00000000fa880000,0x00000000fff00000)
 ParOldGen       total 211968K, used 95859K [0x0000000080000000, 0x000000008cf00000, 0x00000000d5580000)
  object space 211968K, 45% used [0x0000000080000000,0x0000000085d9cee0,0x000000008cf00000)
 Metaspace       used 142503K, capacity 149642K, committed 149912K, reserved 1179648K
  class space    used 17831K, capacity 19026K, committed 19120K, reserved 1048576K
Event: 3722.505 GC heap after
Heap after GC invocations=36 (full 6):
 PSYoungGen      total 570368K, used 88574K [0x00000000d5580000, 0x0000000100000000, 0x0000000100000000)
  eden space 481792K, 0% used [0x00000000d5580000,0x00000000d5580000,0x00000000f2c00000)
  from space 88576K, 99% used [0x00000000fa880000,0x00000000ffeff878,0x00000000fff00000)
  to   space 108544K, 0% used [0x00000000f2c00000,0x00000000f2c00000,0x00000000f9600000)
 ParOldGen       total 211968K, used 112900K [0x0000000080000000, 0x000000008cf00000, 0x00000000d5580000)
  object space 211968K, 53% used [0x0000000080000000,0x0000000086e410f0,0x000000008cf00000)
 Metaspace       used 142503K, capacity 149642K, committed 149912K, reserved 1179648K
  class space    used 17831K, capacity 19026K, committed 19120K, reserved 1048576K
}
Event: 3727.486 GC heap before
{Heap before GC invocations=37 (full 6):
 PSYoungGen      total 570368K, used 570366K [0x00000000d5580000, 0x0000000100000000, 0x0000000100000000)
  eden space 481792K, 100% used [0x00000000d5580000,0x00000000f2c00000,0x00000000f2c00000)
  from space 88576K, 99% used [0x00000000fa880000,0x00000000ffeff878,0x00000000fff00000)
  to   space 108544K, 0% used [0x00000000f2c00000,0x00000000f2c00000,0x00000000f9600000)
 ParOldGen       total 211968K, used 112900K [0x0000000080000000, 0x000000008cf00000, 0x00000000d5580000)
  object space 211968K, 53% used [0x0000000080000000,0x0000000086e410f0,0x000000008cf00000)
 Metaspace       used 143470K, capacity 150654K, committed 150936K, reserved 1181696K
  class space    used 17912K, capacity 19100K, committed 19120K, reserved 1048576K
Event: 3727.678 GC heap after
Heap after GC invocations=37 (full 6):
 PSYoungGen      total 557056K, used 74831K [0x00000000d5580000, 0x0000000100000000, 0x0000000100000000)
  eden space 481792K, 0% used [0x00000000d5580000,0x00000000d5580000,0x00000000f2c00000)
  from space 75264K, 99% used [0x00000000f2c00000,0x00000000f7513f60,0x00000000f7580000)
  to   space 113152K, 0% used [0x00000000f9180000,0x00000000f9180000,0x0000000100000000)
 ParOldGen       total 211968K, used 112908K [0x0000000080000000, 0x000000008cf00000, 0x00000000d5580000)
  object space 211968K, 53% used [0x0000000080000000,0x0000000086e430f0,0x000000008cf00000)
 Metaspace       used 143470K, capacity 150654K, committed 150936K, reserved 1181696K
  class space    used 17912K, capacity 19100K, committed 19120K, reserved 1048576K
}
Event: 6023.509 GC heap before
{Heap before GC invocations=38 (full 6):
 PSYoungGen      total 557056K, used 556623K [0x00000000d5580000, 0x0000000100000000, 0x0000000100000000)
  eden space 481792K, 100% used [0x00000000d5580000,0x00000000f2c00000,0x00000000f2c00000)
  from space 75264K, 99% used [0x00000000f2c00000,0x00000000f7513f60,0x00000000f7580000)
  to   space 113152K, 0% used [0x00000000f9180000,0x00000000f9180000,0x0000000100000000)
 ParOldGen       total 211968K, used 112908K [0x0000000080000000, 0x000000008cf00000, 0x00000000d5580000)
  object space 211968K, 53% used [0x0000000080000000,0x0000000086e430f0,0x000000008cf00000)
 Metaspace       used 146974K, capacity 154380K, committed 154520K, reserved 1183744K
  class space    used 18337K, capacity 19597K, committed 19632K, reserved 1048576K

