# JRE version: OpenJDK Runtime Environment (8.0_242-b01) (build 1.8.0_242-release-1644-b01)
# Java VM: OpenJDK 64-Bit Server VM (25.242-b01 mixed mode windows-amd64 compressed oops)
Heap:
 PSYoungGen      total 395776K, used 54859K [0x00000000d5580000, 0x00000000f3700000, 0x0000000100000000)
  eden space 354304K, 11% used [0x00000000d5580000,0x00000000d7d34750,0x00000000eaf80000)
  from space 41472K, 34% used [0x00000000eaf80000,0x00000000ebd5e858,0x00000000ed800000)
  to   space 38912K, 0% used [0x00000000f1100000,0x00000000f1100000,0x00000000f3700000)
 ParOldGen       total 125952K, used 72750K [0x0000000080000000, 0x0000000087b00000, 0x00000000d5580000)
  object space 125952K, 57% used [0x0000000080000000,0x000000008470b8d0,0x0000000087b00000)
 Metaspace       used 107150K, capacity 111602K, committed 112384K, reserved 1146880K
  class space    used 14099K, capacity 14993K, committed 15104K, reserved 1048576K
GC Heap History (10 events):
Event: 316.644 GC heap before
{Heap before GC invocations=19 (full 3):
 PSYoungGen      total 294912K, used 292866K [0x00000000d5580000, 0x00000000ecc80000, 0x0000000100000000)
  eden space 270336K, 100% used [0x00000000d5580000,0x00000000e5d80000,0x00000000e5d80000)
  from space 24576K, 91% used [0x00000000e5d80000,0x00000000e73809c0,0x00000000e7580000)
  to   space 28160K, 0% used [0x00000000eb100000,0x00000000eb100000,0x00000000ecc80000)
 ParOldGen       total 84992K, used 43588K [0x0000000080000000, 0x0000000085300000, 0x00000000d5580000)
  object space 84992K, 51% used [0x0000000080000000,0x0000000082a91238,0x0000000085300000)
 Metaspace       used 83415K, capacity 87482K, committed 87808K, reserved 1124352K
  class space    used 11081K, capacity 11946K, committed 12032K, reserved 1048576K
Event: 316.700 GC heap after
Heap after GC invocations=19 (full 3):
 PSYoungGen      total 349184K, used 28138K [0x00000000d5580000, 0x00000000edc80000, 0x0000000100000000)
  eden space 321024K, 0% used [0x00000000d5580000,0x00000000d5580000,0x00000000e8f00000)
  from space 28160K, 99% used [0x00000000eb100000,0x00000000ecc7a8f0,0x00000000ecc80000)
  to   space 34816K, 0% used [0x00000000e8f00000,0x00000000e8f00000,0x00000000eb100000)
 ParOldGen       total 84992K, used 48406K [0x0000000080000000, 0x0000000085300000, 0x00000000d5580000)
  object space 84992K, 56% used [0x0000000080000000,0x0000000082f45980,0x0000000085300000)
 Metaspace       used 83415K, capacity 87482K, committed 87808K, reserved 1124352K
  class space    used 11081K, capacity 11946K, committed 12032K, reserved 1048576K
}
Event: 4240.616 GC heap before
{Heap before GC invocations=20 (full 3):
 PSYoungGen      total 349184K, used 349162K [0x00000000d5580000, 0x00000000edc80000, 0x0000000100000000)
  eden space 321024K, 100% used [0x00000000d5580000,0x00000000e8f00000,0x00000000e8f00000)
  from space 28160K, 99% used [0x00000000eb100000,0x00000000ecc7a8f0,0x00000000ecc80000)
  to   space 34816K, 0% used [0x00000000e8f00000,0x00000000e8f00000,0x00000000eb100000)
 ParOldGen       total 84992K, used 48406K [0x0000000080000000, 0x0000000085300000, 0x00000000d5580000)
  object space 84992K, 56% used [0x0000000080000000,0x0000000082f45980,0x0000000085300000)
 Metaspace       used 88159K, capacity 92896K, committed 93056K, reserved 1130496K
  class space    used 11541K, capacity 12550K, committed 12672K, reserved 1048576K
Event: 4242.089 GC heap after
Heap after GC invocations=20 (full 3):
 PSYoungGen      total 355840K, used 18233K [0x00000000d5580000, 0x00000000efa00000, 0x0000000100000000)
  eden space 321024K, 0% used [0x00000000d5580000,0x00000000d5580000,0x00000000e8f00000)
  from space 34816K, 52% used [0x00000000e8f00000,0x00000000ea0ce6a0,0x00000000eb100000)
  to   space 34816K, 0% used [0x00000000ed800000,0x00000000ed800000,0x00000000efa00000)
 ParOldGen       total 84992K, used 72889K [0x0000000080000000, 0x0000000085300000, 0x00000000d5580000)
  object space 84992K, 85% used [0x0000000080000000,0x000000008472e5c0,0x0000000085300000)
 Metaspace       used 88159K, capacity 92896K, committed 93056K, reserved 1130496K
  class space    used 11541K, capacity 12550K, committed 12672K, reserved 1048576K
}
Event: 4242.091 GC heap before
{Heap before GC invocations=21 (full 4):
 PSYoungGen      total 355840K, used 18233K [0x00000000d5580000, 0x00000000efa00000, 0x0000000100000000)
  eden space 321024K, 0% used [0x00000000d5580000,0x00000000d5580000,0x00000000e8f00000)
  from space 34816K, 52% used [0x00000000e8f00000,0x00000000ea0ce6a0,0x00000000eb100000)
  to   space 34816K, 0% used [0x00000000ed800000,0x00000000ed800000,0x00000000efa00000)
 ParOldGen       total 84992K, used 72889K [0x0000000080000000, 0x0000000085300000, 0x00000000d5580000)
  object space 84992K, 85% used [0x0000000080000000,0x000000008472e5c0,0x0000000085300000)
 Metaspace       used 88159K, capacity 92896K, committed 93056K, reserved 1130496K
  class space    used 11541K, capacity 12550K, committed 12672K, reserved 1048576K
Event: 4244.141 GC heap after
Heap after GC invocations=21 (full 4):
 PSYoungGen      total 355840K, used 0K [0x00000000d5580000, 0x00000000efa00000, 0x0000000100000000)
  eden space 321024K, 0% used [0x00000000d5580000,0x00000000d5580000,0x00000000e8f00000)
  from space 34816K, 0% used [0x00000000e8f00000,0x00000000e8f00000,0x00000000eb100000)
  to   space 34816K, 0% used [0x00000000ed800000,0x00000000ed800000,0x00000000efa00000)
 ParOldGen       total 125952K, used 48112K [0x0000000080000000, 0x0000000087b00000, 0x00000000d5580000)
  object space 125952K, 38% used [0x0000000080000000,0x0000000082efc2e0,0x0000000087b00000)
 Metaspace       used 86819K, capacity 90432K, committed 93056K, reserved 1130496K
  class space    used 11268K, capacity 12035K, committed 12672K, reserved 1048576K
}
Event: 4252.846 GC heap before
{Heap before GC invocations=22 (full 4):
 PSYoungGen      total 355840K, used 321024K [0x00000000d5580000, 0x00000000efa00000, 0x0000000100000000)
  eden space 321024K, 100% used [0x00000000d5580000,0x00000000e8f00000,0x00000000e8f00000)
  from space 34816K, 0% used [0x00000000e8f00000,0x00000000e8f00000,0x00000000eb100000)
  to   space 34816K, 0% used [0x00000000ed800000,0x00000000ed800000,0x00000000efa00000)
 ParOldGen       total 125952K, used 48112K [0x0000000080000000, 0x0000000087b00000, 0x00000000d5580000)
  object space 125952K, 38% used [0x0000000080000000,0x0000000082efc2e0,0x0000000087b00000)
 Metaspace       used 103910K, capacity 108176K, committed 109312K, reserved 1144832K
  class space    used 13710K, capacity 14586K, committed 14848K, reserved 1048576K
Event: 4253.268 GC heap after
Heap after GC invocations=22 (full 4):
 PSYoungGen      total 389120K, used 34787K [0x00000000d5580000, 0x00000000f1780000, 0x0000000100000000)
  eden space 354304K, 0% used [0x00000000d5580000,0x00000000d5580000,0x00000000eaf80000)
  from space 34816K, 99% used [0x00000000ed800000,0x00000000ef9f8c10,0x00000000efa00000)
  to   space 41472K, 0% used [0x00000000eaf80000,0x00000000eaf80000,0x00000000ed800000)
 ParOldGen       total 125952K, used 50802K [0x0000000080000000, 0x0000000087b00000, 0x00000000d5580000)
  object space 125952K, 40% used [0x0000000080000000,0x000000008319c890,0x0000000087b00000)
 Metaspace       used 103910K, capacity 108176K, committed 109312K, reserved 1144832K
  class space    used 13710K, capacity 14586K, committed 14848K, reserved 1048576K
}
Event: 4270.956 GC heap before
{Heap before GC invocations=23 (full 4):
 PSYoungGen      total 389120K, used 389091K [0x00000000d5580000, 0x00000000f1780000, 0x0000000100000000)
  eden space 354304K, 100% used [0x00000000d5580000,0x00000000eaf80000,0x00000000eaf80000)
  from space 34816K, 99% used [0x00000000ed800000,0x00000000ef9f8c10,0x00000000efa00000)
  to   space 41472K, 0% used [0x00000000eaf80000,0x00000000eaf80000,0x00000000ed800000)
 ParOldGen       total 125952K, used 50802K [0x0000000080000000, 0x0000000087b00000, 0x00000000d5580000)
  object space 125952K, 40% used [0x0000000080000000,0x000000008319c890,0x0000000087b00000)
 Metaspace       used 106529K, capacity 110932K, committed 111872K, reserved 1146880K
  class space    used 14033K, capacity 14936K, committed 15104K, reserved 1048576K
Event: 4271.272 GC heap after
Heap after GC invocations=23 (full 4):
 PSYoungGen      total 395776K, used 14202K [0x00000000d5580000, 0x00000000f3700000, 0x0000000100000000)
  eden space 354304K, 0% used [0x00000000d5580000,0x00000000d5580000,0x00000000eaf80000)
  from space 41472K, 34% used [0x00000000eaf80000,0x00000000ebd5e858,0x00000000ed800000)
  to   space 38912K, 0% used [0x00000000f1100000,0x00000000f1100000,0x00000000f3700000)
 ParOldGen       total 125952K, used 72750K [0x0000000080000000, 0x0000000087b00000, 0x00000000d5580000)
  object space 125952K, 57% used [0x0000000080000000,0x000000008470b8d0,0x0000000087b00000)
 Metaspace       used 106529K, capacity 110932K, committed 111872K, reserved 1146880K
  class space    used 14033K, capacity 14936K, committed 15104K, reserved 1048576K
}

