# JRE version: OpenJDK Runtime Environment (8.0_242-b01) (build 1.8.0_242-release-1644-b01)
# Java VM: OpenJDK 64-Bit Server VM (25.242-b01 mixed mode windows-amd64 compressed oops)
Heap:
 PSYoungGen      total 654336K, used 654333K [0x00000000d5580000, 0x0000000100000000, 0x0000000100000000)
  eden space 613376K, 100% used [0x00000000d5580000,0x00000000fac80000,0x00000000fac80000)
  from space 40960K, 99% used [0x00000000fac80000,0x00000000fd47f610,0x00000000fd480000)
  to   space 44544K, 32% used [0x00000000fd480000,0x00000000fe2a8ea8,0x0000000100000000)
 ParOldGen       total 244224K, used 174378K [0x0000000080000000, 0x000000008ee80000, 0x00000000d5580000)
  object space 244224K, 71% used [0x0000000080000000,0x000000008aa4abf0,0x000000008ee80000)
 Metaspace       used 117149K, capacity 122614K, committed 122792K, reserved 1157120K
  class space    used 14744K, capacity 15734K, committed 15784K, reserved 1048576K
GC Heap History (10 events):
Event: 152.586 GC heap after
Heap after GC invocations=50 (full 6):
 PSYoungGen      total 652800K, used 10454K [0x00000000d5580000, 0x00000000ffe80000, 0x0000000100000000)
  eden space 609792K, 0% used [0x00000000d5580000,0x00000000d5580000,0x00000000fa900000)
  from space 43008K, 24% used [0x00000000fd300000,0x00000000fdd35a98,0x00000000ffd00000)
  to   space 43008K, 0% used [0x00000000fa900000,0x00000000fa900000,0x00000000fd300000)
 ParOldGen       total 240640K, used 221039K [0x0000000080000000, 0x000000008eb00000, 0x00000000d5580000)
  object space 240640K, 91% used [0x0000000080000000,0x000000008d7dbe90,0x000000008eb00000)
 Metaspace       used 108542K, capacity 113372K, committed 114088K, reserved 1148928K
  class space    used 13803K, capacity 14703K, committed 15016K, reserved 1048576K
}
Event: 152.586 GC heap before
{Heap before GC invocations=51 (full 7):
 PSYoungGen      total 652800K, used 10454K [0x00000000d5580000, 0x00000000ffe80000, 0x0000000100000000)
  eden space 609792K, 0% used [0x00000000d5580000,0x00000000d5580000,0x00000000fa900000)
  from space 43008K, 24% used [0x00000000fd300000,0x00000000fdd35a98,0x00000000ffd00000)
  to   space 43008K, 0% used [0x00000000fa900000,0x00000000fa900000,0x00000000fd300000)
 ParOldGen       total 240640K, used 221039K [0x0000000080000000, 0x000000008eb00000, 0x00000000d5580000)
  object space 240640K, 91% used [0x0000000080000000,0x000000008d7dbe90,0x000000008eb00000)
 Metaspace       used 108542K, capacity 113372K, committed 114088K, reserved 1148928K
  class space    used 13803K, capacity 14703K, committed 15016K, reserved 1048576K
Event: 152.879 GC heap after
Heap after GC invocations=51 (full 7):
 PSYoungGen      total 652800K, used 0K [0x00000000d5580000, 0x00000000ffe80000, 0x0000000100000000)
  eden space 609792K, 0% used [0x00000000d5580000,0x00000000d5580000,0x00000000fa900000)
  from space 43008K, 0% used [0x00000000fd300000,0x00000000fd300000,0x00000000ffd00000)
  to   space 43008K, 0% used [0x00000000fa900000,0x00000000fa900000,0x00000000fd300000)
 ParOldGen       total 244224K, used 138429K [0x0000000080000000, 0x000000008ee80000, 0x00000000d5580000)
  object space 244224K, 56% used [0x0000000080000000,0x000000008872f738,0x000000008ee80000)
 Metaspace       used 108542K, capacity 113372K, committed 114088K, reserved 1148928K
  class space    used 13803K, capacity 14703K, committed 15016K, reserved 1048576K
}
Event: 154.886 GC heap before
{Heap before GC invocations=52 (full 7):
 PSYoungGen      total 652800K, used 609792K [0x00000000d5580000, 0x00000000ffe80000, 0x0000000100000000)
  eden space 609792K, 100% used [0x00000000d5580000,0x00000000fa900000,0x00000000fa900000)
  from space 43008K, 0% used [0x00000000fd300000,0x00000000fd300000,0x00000000ffd00000)
  to   space 43008K, 0% used [0x00000000fa900000,0x00000000fa900000,0x00000000fd300000)
 ParOldGen       total 244224K, used 138429K [0x0000000080000000, 0x000000008ee80000, 0x00000000d5580000)
  object space 244224K, 56% used [0x0000000080000000,0x000000008872f738,0x000000008ee80000)
 Metaspace       used 108597K, capacity 113378K, committed 114088K, reserved 1148928K
  class space    used 13804K, capacity 14704K, committed 15016K, reserved 1048576K
Event: 154.921 GC heap after
Heap after GC invocations=52 (full 7):
 PSYoungGen      total 652800K, used 15938K [0x00000000d5580000, 0x00000000ffd00000, 0x0000000100000000)
  eden space 609792K, 0% used [0x00000000d5580000,0x00000000d5580000,0x00000000fa900000)
  from space 43008K, 37% used [0x00000000fa900000,0x00000000fb8908b8,0x00000000fd300000)
  to   space 41472K, 0% used [0x00000000fd480000,0x00000000fd480000,0x00000000ffd00000)
 ParOldGen       total 244224K, used 138437K [0x0000000080000000, 0x000000008ee80000, 0x00000000d5580000)
  object space 244224K, 56% used [0x0000000080000000,0x0000000088731738,0x000000008ee80000)
 Metaspace       used 108597K, capacity 113378K, committed 114088K, reserved 1148928K
  class space    used 13804K, capacity 14704K, committed 15016K, reserved 1048576K
}
Event: 156.339 GC heap before
{Heap before GC invocations=53 (full 7):
 PSYoungGen      total 652800K, used 625730K [0x00000000d5580000, 0x00000000ffd00000, 0x0000000100000000)
  eden space 609792K, 100% used [0x00000000d5580000,0x00000000fa900000,0x00000000fa900000)
  from space 43008K, 37% used [0x00000000fa900000,0x00000000fb8908b8,0x00000000fd300000)
  to   space 41472K, 0% used [0x00000000fd480000,0x00000000fd480000,0x00000000ffd00000)
 ParOldGen       total 244224K, used 138437K [0x0000000080000000, 0x000000008ee80000, 0x00000000d5580000)
  object space 244224K, 56% used [0x0000000080000000,0x0000000088731738,0x000000008ee80000)
 Metaspace       used 108845K, capacity 113652K, committed 114344K, reserved 1148928K
  class space    used 13832K, capacity 14745K, committed 15016K, reserved 1048576K
Event: 156.372 GC heap after
Heap after GC invocations=53 (full 7):
 PSYoungGen      total 654848K, used 10341K [0x00000000d5580000, 0x00000000ffd80000, 0x0000000100000000)
  eden space 613376K, 0% used [0x00000000d5580000,0x00000000d5580000,0x00000000fac80000)
  from space 41472K, 24% used [0x00000000fd480000,0x00000000fde99440,0x00000000ffd00000)
  to   space 40960K, 0% used [0x00000000fac80000,0x00000000fac80000,0x00000000fd480000)
 ParOldGen       total 244224K, used 148021K [0x0000000080000000, 0x000000008ee80000, 0x00000000d5580000)
  object space 244224K, 60% used [0x0000000080000000,0x000000008908d508,0x000000008ee80000)
 Metaspace       used 108845K, capacity 113652K, committed 114344K, reserved 1148928K
  class space    used 13832K, capacity 14745K, committed 15016K, reserved 1048576K
}
Event: 158.993 GC heap before
{Heap before GC invocations=54 (full 7):
 PSYoungGen      total 654848K, used 623717K [0x00000000d5580000, 0x00000000ffd80000, 0x0000000100000000)
  eden space 613376K, 100% used [0x00000000d5580000,0x00000000fac80000,0x00000000fac80000)
  from space 41472K, 24% used [0x00000000fd480000,0x00000000fde99440,0x00000000ffd00000)
  to   space 40960K, 0% used [0x00000000fac80000,0x00000000fac80000,0x00000000fd480000)
 ParOldGen       total 244224K, used 148021K [0x0000000080000000, 0x000000008ee80000, 0x00000000d5580000)
  object space 244224K, 60% used [0x0000000080000000,0x000000008908d508,0x000000008ee80000)
 Metaspace       used 109293K, capacity 114204K, committed 114600K, reserved 1148928K
  class space    used 13900K, capacity 14819K, committed 15016K, reserved 1048576K
Event: 159.093 GC heap after
Heap after GC invocations=54 (full 7):
 PSYoungGen      total 654336K, used 40957K [0x00000000d5580000, 0x0000000100000000, 0x0000000100000000)
  eden space 613376K, 0% used [0x00000000d5580000,0x00000000d5580000,0x00000000fac80000)
  from space 40960K, 99% used [0x00000000fac80000,0x00000000fd47f610,0x00000000fd480000)
  to   space 44544K, 0% used [0x00000000fd480000,0x00000000fd480000,0x0000000100000000)
 ParOldGen       total 244224K, used 160215K [0x0000000080000000, 0x000000008ee80000, 0x00000000d5580000)
  object space 244224K, 65% used [0x0000000080000000,0x0000000089c75e08,0x000000008ee80000)
 Metaspace       used 109293K, capacity 114204K, committed 114600K, reserved 1148928K
  class space    used 13900K, capacity 14819K, committed 15016K, reserved 1048576K
}
Event: 2158.511 GC heap before
{Heap before GC invocations=55 (full 7):
 PSYoungGen      total 654336K, used 654333K [0x00000000d5580000, 0x0000000100000000, 0x0000000100000000)
  eden space 613376K, 100% used [0x00000000d5580000,0x00000000fac80000,0x00000000fac80000)
  from space 40960K, 99% used [0x00000000fac80000,0x00000000fd47f610,0x00000000fd480000)
  to   space 44544K, 0% used [0x00000000fd480000,0x00000000fd480000,0x0000000100000000)
 ParOldGen       total 244224K, used 160215K [0x0000000080000000, 0x000000008ee80000, 0x00000000d5580000)
  object space 244224K, 65% used [0x0000000080000000,0x0000000089c75e08,0x000000008ee80000)
 Metaspace       used 117149K, capacity 122614K, committed 122792K, reserved 1157120K
  class space    used 14744K, capacity 15734K, committed 15784K, reserved 1048576K

